TN:
SF:src/database.ts
FN:18,(anonymous_9)
FN:50,(anonymous_10)
FN:95,(anonymous_11)
FN:104,(anonymous_12)
FN:108,(anonymous_13)
FN:114,(anonymous_14)
FN:133,(anonymous_15)
FN:145,(anonymous_16)
FN:146,(anonymous_17)
FN:149,(anonymous_18)
FN:150,(anonymous_19)
FN:153,(anonymous_20)
FN:154,(anonymous_21)
FN:157,(anonymous_22)
FN:158,(anonymous_23)
FN:165,(anonymous_24)
FN:166,(anonymous_25)
FN:175,(anonymous_26)
FN:176,(anonymous_27)
FN:192,(anonymous_28)
FN:193,(anonymous_29)
FN:195,(anonymous_30)
FN:196,(anonymous_31)
FN:197,(anonymous_32)
FN:202,(anonymous_33)
FN:206,(anonymous_34)
FN:214,(anonymous_35)
FN:232,(anonymous_36)
FN:234,(anonymous_37)
FN:237,(anonymous_38)
FN:240,(anonymous_39)
FN:241,(anonymous_40)
FN:244,(anonymous_41)
FN:246,(anonymous_42)
FN:251,(anonymous_43)
FN:256,(anonymous_44)
FN:264,(anonymous_45)
FN:283,(anonymous_46)
FN:285,(anonymous_47)
FN:288,(anonymous_48)
FN:291,(anonymous_49)
FN:292,(anonymous_50)
FN:296,(anonymous_51)
FN:307,(anonymous_52)
FN:320,(anonymous_53)
FN:338,(anonymous_54)
FN:340,(anonymous_55)
FN:343,(anonymous_56)
FN:346,(anonymous_57)
FN:347,(anonymous_58)
FN:350,(anonymous_59)
FN:353,(anonymous_60)
FN:354,(anonymous_61)
FN:357,(anonymous_62)
FN:359,(anonymous_63)
FN:363,(anonymous_64)
FN:366,(anonymous_65)
FN:377,(anonymous_66)
FN:379,(anonymous_67)
FN:383,(anonymous_68)
FN:385,(anonymous_69)
FN:399,(anonymous_70)
FN:412,getDatabase
FN:419,resetDatabase
FNF:64
FNH:64
FNDA:182,(anonymous_9)
FNDA:77,(anonymous_10)
FNDA:339,(anonymous_11)
FNDA:82,(anonymous_12)
FNDA:13,(anonymous_13)
FNDA:12,(anonymous_14)
FNDA:3,(anonymous_15)
FNDA:66,(anonymous_16)
FNDA:63,(anonymous_17)
FNDA:5,(anonymous_18)
FNDA:2,(anonymous_19)
FNDA:13,(anonymous_20)
FNDA:6,(anonymous_21)
FNDA:24,(anonymous_22)
FNDA:26,(anonymous_23)
FNDA:2,(anonymous_24)
FNDA:1,(anonymous_25)
FNDA:10,(anonymous_26)
FNDA:12,(anonymous_27)
FNDA:3,(anonymous_28)
FNDA:3,(anonymous_29)
FNDA:1,(anonymous_30)
FNDA:1,(anonymous_31)
FNDA:1,(anonymous_32)
FNDA:45,(anonymous_33)
FNDA:22,(anonymous_34)
FNDA:21,(anonymous_35)
FNDA:1,(anonymous_36)
FNDA:1,(anonymous_37)
FNDA:6,(anonymous_38)
FNDA:8,(anonymous_39)
FNDA:7,(anonymous_40)
FNDA:24,(anonymous_41)
FNDA:5,(anonymous_42)
FNDA:11,(anonymous_43)
FNDA:7,(anonymous_44)
FNDA:6,(anonymous_45)
FNDA:1,(anonymous_46)
FNDA:1,(anonymous_47)
FNDA:3,(anonymous_48)
FNDA:6,(anonymous_49)
FNDA:8,(anonymous_50)
FNDA:19,(anonymous_51)
FNDA:12,(anonymous_52)
FNDA:11,(anonymous_53)
FNDA:2,(anonymous_54)
FNDA:2,(anonymous_55)
FNDA:6,(anonymous_56)
FNDA:8,(anonymous_57)
FNDA:9,(anonymous_58)
FNDA:1,(anonymous_59)
FNDA:3,(anonymous_60)
FNDA:1,(anonymous_61)
FNDA:1,(anonymous_62)
FNDA:2,(anonymous_63)
FNDA:1,(anonymous_64)
FNDA:1,(anonymous_65)
FNDA:4,(anonymous_66)
FNDA:3,(anonymous_67)
FNDA:12,(anonymous_68)
FNDA:6,(anonymous_69)
FNDA:5,(anonymous_70)
FNDA:69,getDatabase
FNDA:107,resetDatabase
DA:1,3
DA:2,3
DA:3,3
DA:6,3
DA:19,182
DA:22,182
DA:23,104
DA:26,182
DA:29,182
DA:30,78
DA:31,78
DA:32,78
DA:34,77
DA:36,1
DA:37,1
DA:38,1
DA:41,104
DA:42,104
DA:51,77
DA:54,77
DA:55,77
DA:56,42
DA:57,1
DA:58,1
DA:60,42
DA:61,1
DA:62,1
DA:64,42
DA:65,1
DA:66,1
DA:72,77
DA:73,1
DA:74,1
DA:76,77
DA:77,1
DA:78,1
DA:80,77
DA:81,1
DA:82,1
DA:84,77
DA:85,1
DA:86,1
DA:90,77
DA:91,2
DA:96,339
DA:97,339
DA:99,0
DA:105,82
DA:108,82
DA:109,82
DA:110,1
DA:113,81
DA:114,12
DA:117,81
DA:128,81
DA:129,81
DA:130,81
DA:134,3
DA:135,3
DA:136,4
DA:137,4
DA:138,8
DA:142,3
DA:146,66
DA:150,5
DA:154,13
DA:158,26
DA:159,24
DA:160,24
DA:161,24
DA:166,2
DA:167,2
DA:168,1
DA:170,1
DA:171,1
DA:172,1
DA:176,12
DA:177,10
DA:178,0
DA:181,10
DA:182,10
DA:183,10
DA:184,10
DA:185,10
DA:186,10
DA:188,10
DA:189,10
DA:193,3
DA:195,3
DA:196,3
DA:197,3
DA:198,3
DA:203,45
DA:206,45
DA:207,45
DA:208,1
DA:209,1
DA:210,1
DA:213,44
DA:214,21
DA:217,44
DA:227,44
DA:228,44
DA:229,44
DA:234,1
DA:239,6
DA:240,8
DA:241,7
DA:246,24
DA:247,24
DA:253,11
DA:256,11
DA:257,11
DA:258,1
DA:259,1
DA:260,1
DA:263,10
DA:264,6
DA:267,10
DA:278,10
DA:279,10
DA:280,10
DA:285,1
DA:290,3
DA:291,6
DA:292,8
DA:303,19
DA:306,19
DA:307,12
DA:312,19
DA:313,1
DA:314,1
DA:315,1
DA:316,1
DA:319,18
DA:320,11
DA:323,18
DA:333,18
DA:334,18
DA:335,18
DA:340,2
DA:345,6
DA:346,8
DA:347,9
DA:352,1
DA:353,3
DA:354,1
DA:359,2
DA:360,1
DA:365,1
DA:366,1
DA:370,1
DA:371,1
DA:372,1
DA:379,4
DA:380,4
DA:385,12
DA:386,12
DA:387,2
DA:388,2
DA:390,10
DA:396,12
DA:401,5
DA:402,5
DA:403,5
DA:405,5
DA:410,3
DA:412,3
DA:413,69
DA:414,57
DA:416,69
DA:419,3
DA:420,107
DA:423,3
LF:174
LH:172
BRDA:22,0,0,104
BRDA:29,1,0,78
BRDA:29,1,1,104
BRDA:54,2,0,77
BRDA:56,3,0,1
BRDA:60,4,0,1
BRDA:64,5,0,1
BRDA:72,6,0,1
BRDA:76,7,0,1
BRDA:80,8,0,1
BRDA:84,9,0,1
BRDA:90,10,0,2
BRDA:109,11,0,1
BRDA:113,12,0,10
BRDA:113,12,1,71
BRDA:136,13,0,4
BRDA:146,14,0,66
BRDA:146,14,1,8
BRDA:150,15,0,5
BRDA:150,15,1,3
BRDA:159,16,0,24
BRDA:167,17,0,1
BRDA:177,18,0,0
BRDA:181,19,0,2
BRDA:182,20,0,0
BRDA:183,21,0,3
BRDA:184,22,0,3
BRDA:185,23,0,0
BRDA:186,24,0,7
BRDA:202,25,0,0
BRDA:206,26,0,22
BRDA:206,26,1,20
BRDA:207,27,0,1
BRDA:213,28,0,16
BRDA:213,28,1,28
BRDA:234,29,0,1
BRDA:234,29,1,0
BRDA:256,30,0,7
BRDA:256,30,1,7
BRDA:257,31,0,1
BRDA:263,32,0,4
BRDA:263,32,1,6
BRDA:285,33,0,1
BRDA:285,33,1,0
BRDA:300,34,0,7
BRDA:307,35,0,12
BRDA:307,35,1,12
BRDA:307,35,2,1
BRDA:307,35,3,0
BRDA:307,35,4,0
BRDA:312,36,0,1
BRDA:319,37,0,8
BRDA:319,37,1,10
BRDA:340,38,0,2
BRDA:340,38,1,0
BRDA:353,39,0,3
BRDA:353,39,1,3
BRDA:366,40,0,1
BRDA:366,40,1,1
BRDA:366,40,2,1
BRDA:366,40,3,0
BRDA:366,40,4,0
BRDA:370,41,0,1
BRDA:380,42,0,3
BRDA:380,42,1,1
BRDA:386,43,0,2
BRDA:386,43,1,10
BRDA:413,44,0,57
BRF:68
BRH:57
end_of_record
TN:
SF:src/index.ts
FN:20,(anonymous_10)
FN:25,isPortAvailable
FN:26,(anonymous_12)
FN:28,(anonymous_13)
FN:29,(anonymous_14)
FN:32,(anonymous_15)
FN:37,findAvailablePort
FN:47,writePortToFile
FN:57,startServer
FN:76,(anonymous_19)
FN:83,(anonymous_20)
FN:88,(anonymous_21)
FNF:12
FNH:0
FNDA:0,(anonymous_10)
FNDA:0,isPortAvailable
FNDA:0,(anonymous_12)
FNDA:0,(anonymous_13)
FNDA:0,(anonymous_14)
FNDA:0,(anonymous_15)
FNDA:0,findAvailablePort
FNDA:0,writePortToFile
FNDA:0,startServer
FNDA:0,(anonymous_19)
FNDA:0,(anonymous_20)
FNDA:0,(anonymous_21)
DA:1,0
DA:2,0
DA:3,0
DA:4,0
DA:5,0
DA:6,0
DA:7,0
DA:8,0
DA:10,0
DA:11,0
DA:12,0
DA:15,0
DA:16,0
DA:17,0
DA:20,0
DA:21,0
DA:26,0
DA:27,0
DA:28,0
DA:29,0
DA:30,0
DA:32,0
DA:38,0
DA:39,0
DA:40,0
DA:43,0
DA:48,0
DA:49,0
DA:50,0
DA:52,0
DA:53,0
DA:58,0
DA:60,0
DA:61,0
DA:62,0
DA:64,0
DA:65,0
DA:66,0
DA:70,0
DA:73,0
DA:76,0
DA:77,0
DA:78,0
DA:79,0
DA:83,0
DA:84,0
DA:85,0
DA:88,0
DA:89,0
DA:90,0
DA:94,0
DA:95,0
DA:100,0
DA:101,0
DA:104,0
LF:55
LH:0
BRDA:39,0,0,0
BRDA:49,1,0,0
BRDA:64,2,0,0
BRDA:64,3,0,0
BRDA:64,3,1,0
BRDA:100,4,0,0
BRF:6
BRH:0
end_of_record
TN:
SF:src/migrate.ts
FN:52,migrateFromSQLite
FN:77,(anonymous_11)
FNF:2
FNH:0
FNDA:0,migrateFromSQLite
FNDA:0,(anonymous_11)
DA:1,0
DA:2,0
DA:3,0
DA:4,0
DA:5,0
DA:52,0
DA:53,0
DA:54,0
DA:55,0
DA:56,0
DA:59,0
DA:60,0
DA:61,0
DA:65,0
DA:66,0
DA:67,0
DA:70,0
DA:72,0
DA:74,0
DA:77,0
DA:78,0
DA:79,0
DA:81,0
DA:82,0
DA:87,0
DA:88,0
DA:89,0
DA:90,0
DA:91,0
DA:93,0
DA:96,0
DA:99,0
DA:100,0
DA:101,0
DA:102,0
DA:104,0
DA:105,0
DA:112,0
DA:117,0
DA:118,0
DA:119,0
DA:120,0
DA:122,0
DA:127,0
DA:128,0
DA:129,0
DA:130,0
DA:132,0
DA:137,0
DA:138,0
DA:139,0
DA:140,0
DA:147,0
DA:152,0
DA:153,0
DA:154,0
DA:155,0
DA:157,0
DA:162,0
DA:163,0
DA:165,0
DA:166,0
DA:167,0
DA:168,0
DA:169,0
DA:170,0
DA:171,0
DA:173,0
DA:175,0
DA:176,0
LF:70
LH:0
BRDA:59,0,0,0
BRDA:65,1,0,0
BRDA:105,2,0,0
BRF:3
BRH:0
end_of_record
TN:
SF:src/routes/index.ts
FN:11,(anonymous_1)
FNF:1
FNH:0
FNDA:0,(anonymous_1)
DA:1,1
DA:2,1
DA:3,1
DA:5,1
DA:7,1
DA:8,1
DA:11,1
DA:12,0
DA:15,1
LF:9
LH:8
BRF:0
BRH:0
end_of_record
TN:
SF:src/routes/projects.ts
FN:10,(anonymous_9)
FN:22,(anonymous_10)
FN:33,(anonymous_11)
FN:66,(anonymous_12)
FN:86,(anonymous_13)
FN:115,(anonymous_14)
FN:136,(anonymous_15)
FN:157,(anonymous_16)
FN:179,(anonymous_17)
FN:189,(anonymous_18)
FNF:10
FNH:10
FNDA:2,(anonymous_9)
FNDA:2,(anonymous_10)
FNDA:7,(anonymous_11)
FNDA:2,(anonymous_12)
FNDA:6,(anonymous_13)
FNDA:2,(anonymous_14)
FNDA:3,(anonymous_15)
FNDA:3,(anonymous_16)
FNDA:2,(anonymous_17)
FNDA:1,(anonymous_18)
DA:1,1
DA:2,1
DA:3,1
DA:4,1
DA:5,1
DA:7,1
DA:10,1
DA:11,2
DA:12,2
DA:13,2
DA:14,2
DA:16,0
DA:17,0
DA:22,1
DA:23,2
DA:24,2
DA:25,2
DA:26,2
DA:28,0
DA:33,1
DA:34,7
DA:35,7
DA:36,7
DA:38,7
DA:39,2
DA:42,5
DA:44,5
DA:45,1
DA:48,4
DA:49,1
DA:52,3
DA:53,3
DA:54,1
DA:57,2
DA:58,2
DA:60,0
DA:66,1
DA:67,2
DA:68,2
DA:69,2
DA:70,2
DA:71,0
DA:74,2
DA:75,2
DA:76,1
DA:79,1
DA:81,0
DA:86,1
DA:87,6
DA:88,6
DA:89,6
DA:90,6
DA:91,0
DA:94,6
DA:97,6
DA:98,6
DA:99,6
DA:100,6
DA:101,6
DA:103,6
DA:104,1
DA:107,5
DA:108,5
DA:110,0
DA:115,1
DA:116,2
DA:117,2
DA:118,2
DA:119,2
DA:120,0
DA:123,2
DA:124,2
DA:125,1
DA:128,1
DA:129,1
DA:131,0
DA:136,1
DA:137,3
DA:138,3
DA:139,3
DA:140,3
DA:141,0
DA:144,3
DA:145,3
DA:146,1
DA:149,2
DA:150,2
DA:152,0
DA:157,1
DA:158,3
DA:159,3
DA:160,3
DA:161,3
DA:162,0
DA:165,3
DA:166,3
DA:167,1
DA:170,2
DA:171,2
DA:173,0
DA:179,1
DA:180,2
DA:181,2
DA:182,2
DA:184,0
DA:189,1
DA:190,1
DA:191,1
DA:192,1
DA:193,0
DA:196,1
DA:197,1
DA:199,0
DA:203,1
LF:114
LH:97
BRDA:38,0,0,2
BRDA:38,1,0,7
BRDA:38,1,1,6
BRDA:44,2,0,1
BRDA:48,3,0,1
BRDA:53,4,0,1
BRDA:60,5,0,0
BRDA:60,5,1,0
BRDA:70,6,0,0
BRDA:75,7,0,1
BRDA:90,8,0,0
BRDA:98,9,0,2
BRDA:99,10,0,2
BRDA:100,11,0,2
BRDA:101,12,0,2
BRDA:103,13,0,1
BRDA:110,14,0,0
BRDA:110,14,1,0
BRDA:119,15,0,0
BRDA:124,16,0,1
BRDA:140,17,0,0
BRDA:145,18,0,1
BRDA:161,19,0,0
BRDA:166,20,0,1
BRDA:184,21,0,0
BRDA:184,21,1,0
BRDA:192,22,0,0
BRDA:199,23,0,0
BRDA:199,23,1,0
BRF:29
BRH:15
end_of_record
TN:
SF:src/routes/settings.ts
FN:7,(anonymous_0)
FN:18,(anonymous_1)
FNF:2
FNH:2
FNDA:2,(anonymous_0)
FNDA:4,(anonymous_1)
DA:1,1
DA:2,1
DA:4,1
DA:7,1
DA:8,2
DA:9,2
DA:10,2
DA:11,2
DA:13,0
DA:18,1
DA:19,4
DA:20,4
DA:21,4
DA:22,4
DA:24,4
DA:25,1
DA:28,3
DA:29,3
DA:31,0
DA:35,1
LF:20
LH:18
BRDA:24,0,0,1
BRF:1
BRH:1
end_of_record
TN:
SF:src/services/scanner.ts
FN:12,detectTestFramework
FN:51,isTestFile
FN:74,findTestFiles
FN:110,scanProject
FN:148,scanAllProjects
FNF:5
FNH:5
FNDA:23,detectTestFramework
FNDA:55,isTestFile
FNDA:46,findTestFiles
FNDA:26,scanProject
FNDA:5,scanAllProjects
DA:1,2
DA:2,2
DA:3,2
DA:13,23
DA:15,23
DA:16,1
DA:19,22
DA:20,22
DA:21,22
DA:23,22
DA:24,15
DA:26,7
DA:27,1
DA:29,6
DA:30,2
DA:32,4
DA:33,1
DA:35,3
DA:36,1
DA:38,2
DA:39,1
DA:41,1
DA:42,1
DA:45,0
DA:47,0
DA:52,55
DA:53,55
DA:56,55
DA:57,26
DA:61,29
DA:62,3
DA:65,26
DA:66,2
DA:70,24
DA:75,46
DA:76,0
DA:79,46
DA:81,46
DA:82,81
DA:85,81
DA:86,26
DA:96,3
DA:99,23
DA:100,55
DA:101,55
DA:102,30
DA:107,46
DA:110,2
DA:111,26
DA:112,26
DA:114,26
DA:115,1
DA:118,25
DA:119,2
DA:123,23
DA:126,23
DA:129,23
DA:130,23
DA:132,23
DA:133,30
DA:134,30
DA:135,30
DA:139,23
DA:141,23
DA:148,2
DA:149,5
DA:150,5
DA:151,5
DA:153,5
DA:154,6
DA:155,6
DA:156,5
DA:158,1
DA:162,5
LF:74
LH:71
BRDA:15,0,0,1
BRDA:23,1,0,15
BRDA:23,2,0,22
BRDA:23,2,1,7
BRDA:26,3,0,1
BRDA:29,4,0,2
BRDA:32,5,0,1
BRDA:35,6,0,1
BRDA:38,7,0,1
BRDA:38,8,0,2
BRDA:38,8,1,1
BRDA:41,9,0,1
BRDA:56,10,0,26
BRDA:56,11,0,55
BRDA:56,11,1,37
BRDA:61,12,0,3
BRDA:62,13,0,3
BRDA:62,13,1,2
BRDA:62,13,2,0
BRDA:65,14,0,2
BRDA:66,15,0,2
BRDA:66,15,1,1
BRDA:66,15,2,1
BRDA:70,16,0,24
BRDA:70,16,1,24
BRDA:70,16,2,23
BRDA:70,16,3,23
BRDA:74,17,0,23
BRDA:75,18,0,0
BRDA:85,19,0,26
BRDA:85,19,1,55
BRDA:86,20,0,3
BRDA:87,21,0,26
BRDA:87,21,1,25
BRDA:87,21,2,25
BRDA:87,21,3,24
BRDA:87,21,4,23
BRDA:87,21,5,23
BRDA:87,21,6,23
BRDA:87,21,7,23
BRDA:100,22,0,55
BRDA:101,23,0,30
BRDA:114,24,0,1
BRDA:118,25,0,2
BRF:44
BRH:42
end_of_record
