TN:
SF:src/database.ts
FN:73,(anonymous_9)
FN:91,(anonymous_10)
FN:139,(anonymous_11)
FN:146,(anonymous_12)
FN:157,(anonymous_13)
FN:159,(anonymous_14)
FN:162,(anonymous_15)
FN:166,(anonymous_16)
FN:171,(anonymous_17)
FN:179,(anonymous_18)
FN:186,(anonymous_19)
FN:193,(anonymous_20)
FN:199,(anonymous_21)
FN:205,(anonymous_22)
FN:212,(anonymous_23)
FN:217,(anonymous_24)
FN:222,(anonymous_25)
FN:226,(anonymous_26)
FN:233,(anonymous_27)
FN:238,(anonymous_28)
FN:243,(anonymous_29)
FN:249,(anonymous_30)
FN:259,(anonymous_31)
FN:264,(anonymous_32)
FN:268,(anonymous_33)
FN:270,(anonymous_34)
FN:273,(anonymous_35)
FN:278,(anonymous_36)
FN:284,(anonymous_37)
FN:289,(anonymous_38)
FN:296,(anonymous_39)
FN:301,(anonymous_40)
FN:329,(anonymous_41)
FN:337,(anonymous_42)
FN:341,(anonymous_43)
FN:349,getDatabaseManager
FNF:36
FNH:27
FNDA:4,(anonymous_9)
FNDA:128,(anonymous_10)
FNDA:11,(anonymous_11)
FNDA:2,(anonymous_12)
FNDA:2,(anonymous_13)
FNDA:2,(anonymous_14)
FNDA:10,(anonymous_15)
FNDA:0,(anonymous_16)
FNDA:1,(anonymous_17)
FNDA:1,(anonymous_18)
FNDA:1,(anonymous_19)
FNDA:8,(anonymous_20)
FNDA:7,(anonymous_21)
FNDA:7,(anonymous_22)
FNDA:1,(anonymous_23)
FNDA:1,(anonymous_24)
FNDA:8,(anonymous_25)
FNDA:0,(anonymous_26)
FNDA:0,(anonymous_27)
FNDA:0,(anonymous_28)
FNDA:0,(anonymous_29)
FNDA:0,(anonymous_30)
FNDA:0,(anonymous_31)
FNDA:2,(anonymous_32)
FNDA:1,(anonymous_33)
FNDA:2,(anonymous_34)
FNDA:0,(anonymous_35)
FNDA:0,(anonymous_36)
FNDA:46,(anonymous_37)
FNDA:15,(anonymous_38)
FNDA:49,(anonymous_39)
FNDA:2,(anonymous_40)
FNDA:2,(anonymous_41)
FNDA:2,(anonymous_42)
FNDA:1,(anonymous_43)
FNDA:115,getDatabaseManager
DA:1,4
DA:2,4
DA:3,4
DA:4,4
DA:71,4
DA:75,4
DA:76,4
DA:78,4
DA:79,4
DA:80,0
DA:81,0
DA:82,0
DA:88,4
DA:92,128
DA:93,128
DA:94,128
DA:96,128
DA:99,128
DA:100,75
DA:101,53
DA:102,8
DA:105,45
DA:106,45
DA:107,31
DA:109,45
DA:112,128
DA:115,119
DA:116,29
DA:117,29
DA:118,29
DA:124,119
DA:125,23
DA:128,96
DA:131,9
DA:132,3
DA:134,6
DA:140,11
DA:147,2
DA:148,2
DA:150,1
DA:151,0
DA:153,1
DA:158,2
DA:159,2
DA:163,10
DA:173,1
DA:180,1
DA:187,1
DA:194,8
DA:200,7
DA:206,7
DA:214,1
DA:219,1
DA:223,8
DA:229,0
DA:235,0
DA:240,0
DA:245,0
DA:256,0
DA:261,0
DA:265,2
DA:269,1
DA:270,2
DA:275,0
DA:285,46
DA:286,46
DA:290,15
DA:297,49
DA:313,2
DA:330,2
DA:331,2
DA:333,1
DA:338,2
DA:347,4
DA:349,4
DA:350,115
DA:351,4
DA:353,115
LF:78
LH:67
BRDA:79,0,0,0
BRDA:82,1,0,0
BRDA:82,1,1,0
BRDA:91,2,0,75
BRDA:93,3,0,128
BRDA:93,3,1,75
BRDA:99,4,0,75
BRDA:99,4,1,53
BRDA:101,5,0,8
BRDA:101,5,1,45
BRDA:106,6,0,31
BRDA:109,7,0,31
BRDA:109,7,1,14
BRDA:115,8,0,29
BRDA:115,9,0,119
BRDA:115,9,1,47
BRDA:115,9,2,40
BRDA:124,10,0,23
BRDA:124,11,0,119
BRDA:124,11,1,96
BRDA:131,12,0,3
BRDA:131,13,0,9
BRDA:131,13,1,9
BRDA:134,14,0,6
BRDA:134,14,1,0
BRDA:150,15,0,0
BRDA:150,16,0,1
BRDA:150,16,1,1
BRDA:159,17,0,2
BRDA:159,17,1,1
BRDA:212,18,0,1
BRDA:253,19,0,0
BRDA:286,20,0,46
BRDA:286,20,1,25
BRDA:306,21,0,1
BRDA:307,22,0,1
BRDA:308,23,0,1
BRDA:309,24,0,1
BRDA:310,25,0,1
BRDA:311,26,0,1
BRDA:337,27,0,1
BRDA:350,28,0,4
BRF:42
BRH:36
end_of_record
TN:
SF:src/detector.ts
FN:41,detectTestFramework
FN:84,isTestFile
FN:91,(anonymous_11)
FN:131,detectProjectFramework
FNF:4
FNH:4
FNDA:9,detectTestFramework
FNDA:11,isTestFile
FNDA:2,(anonymous_11)
FNDA:16,detectProjectFramework
DA:1,2
DA:2,2
DA:11,2
DA:41,2
DA:42,9
DA:45,9
DA:46,8
DA:47,8
DA:50,7
DA:52,7
DA:53,6
DA:54,5
DA:57,4
DA:60,3
DA:61,1
DA:62,1
DA:63,0
DA:64,0
DA:72,4
DA:73,10
DA:74,40
DA:75,40
DA:76,1
DA:81,3
DA:84,2
DA:85,11
DA:86,11
DA:87,11
DA:90,11
DA:91,2
DA:92,2
DA:94,2
DA:95,3
DA:96,1
DA:101,1
DA:102,1
DA:103,1
DA:110,9
DA:111,15
DA:112,27
DA:113,5
DA:117,10
DA:118,15
DA:119,2
DA:124,2
DA:131,2
DA:132,16
DA:134,16
DA:136,4
DA:137,3
DA:138,2
DA:141,1
DA:143,1
DA:146,12
DA:147,12
DA:148,11
DA:151,11
DA:152,9
DA:153,9
DA:154,9
DA:155,9
DA:156,9
DA:157,8
DA:160,8
DA:163,7
DA:164,6
DA:166,1
DA:167,1
DA:169,5
DA:170,5
DA:171,5
DA:172,5
DA:173,5
DA:174,5
DA:175,5
DA:176,5
DA:177,5
DA:180,5
DA:181,4
DA:182,3
DA:183,3
DA:184,3
DA:185,3
DA:186,3
DA:187,3
DA:188,3
DA:189,3
DA:192,3
DA:195,2
DA:196,2
DA:197,2
DA:198,2
DA:201,2
DA:202,2
DA:203,2
DA:204,2
DA:207,2
DA:208,2
DA:211,2
DA:212,1
DA:213,1
DA:214,1
DA:215,1
DA:216,1
DA:219,1
DA:223,1
LF:106
LH:104
BRDA:45,0,0,8
BRDA:52,1,0,1
BRDA:53,2,0,1
BRDA:54,3,0,1
BRDA:57,4,0,1
BRDA:60,5,0,1
BRDA:61,6,0,1
BRDA:61,6,1,0
BRDA:62,7,0,1
BRDA:63,8,0,0
BRDA:64,9,0,0
BRDA:75,10,0,1
BRDA:84,11,0,9
BRDA:90,12,0,2
BRDA:92,13,0,2
BRDA:95,14,0,1
BRDA:102,15,0,1
BRDA:112,16,0,5
BRDA:118,17,0,2
BRDA:134,18,0,4
BRDA:136,19,0,1
BRDA:137,20,0,1
BRDA:138,21,0,1
BRDA:138,22,0,2
BRDA:138,22,1,1
BRDA:138,22,2,1
BRDA:151,23,0,2
BRDA:151,24,0,11
BRDA:151,24,1,9
BRDA:152,25,0,0
BRDA:152,26,0,9
BRDA:152,26,1,9
BRDA:152,26,2,9
BRDA:153,27,0,0
BRDA:154,28,0,0
BRDA:154,29,0,9
BRDA:154,29,1,9
BRDA:155,30,0,0
BRDA:155,31,0,9
BRDA:155,31,1,9
BRDA:156,32,0,1
BRDA:157,33,0,0
BRDA:157,34,0,8
BRDA:157,34,1,8
BRDA:160,35,0,1
BRDA:163,36,0,1
BRDA:163,37,0,7
BRDA:163,37,1,6
BRDA:164,38,0,1
BRDA:167,39,0,1
BRDA:167,39,1,0
BRDA:169,40,0,0
BRDA:170,41,0,0
BRDA:171,42,0,0
BRDA:172,43,0,0
BRDA:172,44,0,5
BRDA:172,44,1,5
BRDA:173,45,0,0
BRDA:173,46,0,5
BRDA:173,46,1,5
BRDA:174,47,0,0
BRDA:175,48,0,0
BRDA:176,49,0,0
BRDA:177,50,0,0
BRDA:180,51,0,1
BRDA:181,52,0,1
BRDA:182,53,0,0
BRDA:183,54,0,0
BRDA:184,55,0,0
BRDA:184,56,0,3
BRDA:184,56,1,3
BRDA:185,57,0,0
BRDA:185,58,0,3
BRDA:185,58,1,3
BRDA:186,59,0,0
BRDA:186,60,0,3
BRDA:186,60,1,0
BRDA:186,60,2,0
BRDA:187,61,0,0
BRDA:188,62,0,0
BRDA:189,63,0,0
BRDA:192,64,0,1
BRDA:195,65,0,0
BRDA:196,66,0,0
BRDA:197,67,0,0
BRDA:198,68,0,0
BRDA:201,69,0,0
BRDA:201,70,0,2
BRDA:201,70,1,2
BRDA:201,70,2,2
BRDA:202,71,0,0
BRDA:203,72,0,0
BRDA:204,73,0,0
BRDA:207,74,0,0
BRDA:208,75,0,0
BRDA:208,76,0,2
BRDA:208,76,1,2
BRDA:211,77,0,1
BRDA:212,78,0,0
BRDA:213,79,0,0
BRDA:214,80,0,0
BRDA:215,81,0,0
BRDA:216,82,0,0
BRF:103
BRH:60
end_of_record
TN:
SF:src/index.ts
FN:5,(anonymous_4)
FN:10,getAllProjects
FN:14,addProject
FN:18,removeProject
FN:22,getTestsByProject
FNF:5
FNH:5
FNDA:5,(anonymous_4)
FNDA:6,getAllProjects
FNDA:9,addProject
FNDA:7,removeProject
FNDA:7,getTestsByProject
DA:1,1
DA:2,1
DA:3,1
DA:4,1
DA:5,6
DA:8,1
DA:10,1
DA:11,6
DA:14,1
DA:15,9
DA:18,1
DA:19,7
DA:22,1
DA:23,7
LF:14
LH:14
BRF:0
BRH:0
end_of_record
TN:
SF:src/scanner.ts
FN:9,scanProject
FN:13,scanAllProjects
FNF:2
FNH:2
FNDA:6,scanProject
FNDA:6,scanAllProjects
DA:1,2
DA:9,2
DA:10,6
DA:13,2
DA:14,6
LF:5
LH:5
BRF:0
BRH:0
end_of_record
TN:
SF:src/settings.ts
FN:33,getSetting
FN:40,setSetting
FN:47,getAllSettings
FN:54,getEditorSettings
FN:68,setEditorSettings
FN:81,getBrowserSettings
FN:95,setBrowserSettings
FN:108,getAppSettings
FN:118,setAppSettings
FNF:9
FNH:9
FNDA:2,getSetting
FNDA:1,setSetting
FNDA:2,getAllSettings
FNDA:11,getEditorSettings
FNDA:5,setEditorSettings
FNDA:10,getBrowserSettings
FNDA:4,setBrowserSettings
FNDA:3,getAppSettings
FNDA:2,setAppSettings
DA:1,2
DA:21,2
DA:33,2
DA:34,2
DA:40,2
DA:41,1
DA:47,2
DA:48,2
DA:54,2
DA:55,11
DA:56,11
DA:57,11
DA:59,11
DA:68,2
DA:69,5
DA:70,5
DA:71,5
DA:72,2
DA:81,2
DA:82,10
DA:83,10
DA:84,10
DA:86,10
DA:95,2
DA:96,4
DA:97,4
DA:98,4
DA:99,2
DA:108,2
DA:109,3
DA:118,2
DA:119,2
DA:120,2
LF:33
LH:33
BRDA:56,0,0,11
BRDA:56,0,1,3
BRDA:57,1,0,11
BRDA:57,1,1,9
BRDA:71,2,0,2
BRDA:83,3,0,10
BRDA:83,3,1,3
BRDA:84,4,0,10
BRDA:84,4,1,8
BRDA:98,5,0,2
BRF:10
BRH:10
end_of_record
